<?xml version="1.0" encoding="UTF-8"?>
<testng-results ignored="0" total="2" passed="2" failed="0" skipped="0">
  <reporter-output>
    <line>
      <![CDATA[Open Browser]]>
    </line>
    <line>
      <![CDATA[Login]]>
    </line>
    <line>
      <![CDATA[Create Acti]]>
    </line>
    <line>
      <![CDATA[Logout]]>
    </line>
    <line>
      <![CDATA[Login]]>
    </line>
    <line>
      <![CDATA[Modify Acti]]>
    </line>
    <line>
      <![CDATA[Logout]]>
    </line>
    <line>
      <![CDATA[Close Browser]]>
    </line>
  </reporter-output>
  <suite started-at="2023-09-05T10:03:28 IST" name="Default suite" finished-at="2023-09-05T10:05:09 IST" duration-ms="100509">
    <groups>
    </groups>
    <test started-at="2023-09-05T10:03:28 IST" name="Default test" finished-at="2023-09-05T10:05:09 IST" duration-ms="100509">
      <class name="MyTest">
        <test-method is-config="true" signature="openBrowser()[pri:0, instance:MyTest@385c9627]" started-at="2023-09-05T10:03:28 IST" name="openBrowser" finished-at="2023-09-05T10:04:12 IST" duration-ms="43404" status="PASS">
          <reporter-output>
            <line>
              <![CDATA[Open Browser]]>
            </line>
          </reporter-output>
        </test-method> <!-- openBrowser -->
        <test-method is-config="true" signature="login()[pri:0, instance:MyTest@385c9627]" started-at="2023-09-05T10:04:12 IST" name="login" finished-at="2023-09-05T10:04:35 IST" duration-ms="23450" status="PASS">
          <reporter-output>
            <line>
              <![CDATA[Login]]>
            </line>
          </reporter-output>
        </test-method> <!-- login -->
        <test-method signature="createActi()[pri:0, instance:MyTest@385c9627]" started-at="2023-09-05T10:04:35 IST" name="createActi" finished-at="2023-09-05T10:04:35 IST" duration-ms="3" status="PASS">
          <reporter-output>
            <line>
              <![CDATA[Create Acti]]>
            </line>
          </reporter-output>
        </test-method> <!-- createActi -->
        <test-method is-config="true" signature="logout()[pri:0, instance:MyTest@385c9627]" started-at="2023-09-05T10:04:35 IST" name="logout" finished-at="2023-09-05T10:04:46 IST" duration-ms="10749" status="PASS">
          <reporter-output>
            <line>
              <![CDATA[Logout]]>
            </line>
          </reporter-output>
        </test-method> <!-- logout -->
        <test-method is-config="true" signature="login()[pri:0, instance:MyTest@385c9627]" started-at="2023-09-05T10:04:46 IST" name="login" finished-at="2023-09-05T10:04:54 IST" duration-ms="7857" status="PASS">
          <reporter-output>
            <line>
              <![CDATA[Login]]>
            </line>
          </reporter-output>
        </test-method> <!-- login -->
        <test-method signature="mopdifyActi()[pri:0, instance:MyTest@385c9627]" started-at="2023-09-05T10:04:54 IST" name="mopdifyActi" finished-at="2023-09-05T10:04:54 IST" duration-ms="1" status="PASS">
          <reporter-output>
            <line>
              <![CDATA[Modify Acti]]>
            </line>
          </reporter-output>
        </test-method> <!-- mopdifyActi -->
        <test-method is-config="true" signature="logout()[pri:0, instance:MyTest@385c9627]" started-at="2023-09-05T10:04:54 IST" name="logout" finished-at="2023-09-05T10:05:09 IST" duration-ms="14720" status="PASS">
          <reporter-output>
            <line>
              <![CDATA[Logout]]>
            </line>
          </reporter-output>
        </test-method> <!-- logout -->
        <test-method is-config="true" signature="closeBrowser()[pri:0, instance:MyTest@385c9627]" started-at="2023-09-05T10:05:09 IST" name="closeBrowser" finished-at="2023-09-05T10:05:09 IST" duration-ms="284" status="PASS">
          <reporter-output>
            <line>
              <![CDATA[Close Browser]]>
            </line>
          </reporter-output>
        </test-method> <!-- closeBrowser -->
      </class> <!-- MyTest -->
    </test> <!-- Default test -->
  </suite> <!-- Default suite -->
</testng-results>
